INFO:     Will watch for changes in these directories: ['/home/user01/syncs/github/primevalai/gold-grizzly/.apps/api']
INFO:     Uvicorn running on http://127.0.0.1:8765 (Press CTRL+C to quit)
INFO:     Started reloader process [856312] using StatReload
INFO:     Started server process [856314]
INFO:     Waiting for application startup.
INFO:     Application startup complete.
INFO:     127.0.0.1:43908 - "POST /events/ HTTP/1.1" 200 OK
WARNING:  StatReload detected changes in 'models/events.py'. Reloading...
INFO:     Shutting down
INFO:     Waiting for application shutdown.
INFO:     Application shutdown complete.
INFO:     Finished server process [856314]
INFO:     Started server process [864343]
INFO:     Waiting for application startup.
INFO:     Application startup complete.
WARNING:  StatReload detected changes in 'routes/events.py'. Reloading...
INFO:     Shutting down
INFO:     Waiting for application shutdown.
INFO:     Application shutdown complete.
INFO:     Finished server process [864343]
INFO:     Started server process [864365]
INFO:     Waiting for application startup.
INFO:     Application startup complete.
WARNING:  StatReload detected changes in 'routes/events.py'. Reloading...
INFO:     Shutting down
INFO:     Waiting for application shutdown.
INFO:     Application shutdown complete.
INFO:     Finished server process [864365]
INFO:     Started server process [864407]
INFO:     Waiting for application startup.
INFO:     Application startup complete.
INFO:     Shutting down
INFO:     Waiting for application shutdown.
INFO:     Application shutdown complete.
INFO:     Finished server process [864407]
INFO:     Stopping reloader process [856312]
